# JRE version: OpenJDK Runtime Environment (8.0_152-b01) (build 1.8.0_152-release-915-b01)
# Java VM: OpenJDK 64-Bit Server VM (25.152-b01 mixed mode windows-amd64 compressed oops)
Heap:
 PSYoungGen      total 80384K, used 64926K [0x00000000e0000000, 0x00000000e7800000, 0x0000000100000000)
  eden space 53760K, 71% used [0x00000000e0000000,0x00000000e2568e28,0x00000000e3480000)
  from space 26624K, 99% used [0x00000000e5300000,0x00000000e6cfecd8,0x00000000e6d00000)
  to   space 31232K, 0% used [0x00000000e3480000,0x00000000e3480000,0x00000000e5300000)
 ParOldGen       total 225280K, used 155871K [0x00000000a0000000, 0x00000000adc00000, 0x00000000e0000000)
  object space 225280K, 69% used [0x00000000a0000000,0x00000000a9837cd0,0x00000000adc00000)
 Metaspace       used 54974K, capacity 55982K, committed 56320K, reserved 1099776K
  class space    used 6595K, capacity 6839K, committed 6912K, reserved 1048576K
GC Heap History (10 events):
Event: 7.137 GC heap before
{Heap before GC invocations=13 (full 4):
 PSYoungGen      total 69632K, used 68949K [0x00000000e0000000, 0x00000000e7900000, 0x0000000100000000)
  eden space 51200K, 98% used [0x00000000e0000000,0x00000000e3159d20,0x00000000e3200000)
  from space 18432K, 99% used [0x00000000e3200000,0x00000000e43fb8e0,0x00000000e4400000)
  to   space 25600K, 0% used [0x00000000e6000000,0x00000000e6000000,0x00000000e7900000)
 ParOldGen       total 194560K, used 194122K [0x00000000a0000000, 0x00000000abe00000, 0x00000000e0000000)
  object space 194560K, 99% used [0x00000000a0000000,0x00000000abd92a08,0x00000000abe00000)
 Metaspace       used 44586K, capacity 45260K, committed 45824K, reserved 1089536K
  class space    used 5599K, capacity 5782K, committed 5888K, reserved 1048576K
Event: 7.236 GC heap after
Heap after GC invocations=13 (full 4):
 PSYoungGen      total 69632K, used 0K [0x00000000e0000000, 0x00000000e7900000, 0x0000000100000000)
  eden space 51200K, 0% used [0x00000000e0000000,0x00000000e0000000,0x00000000e3200000)
  from space 18432K, 0% used [0x00000000e3200000,0x00000000e3200000,0x00000000e4400000)
  to   space 25600K, 0% used [0x00000000e6000000,0x00000000e6000000,0x00000000e7900000)
 ParOldGen       total 214016K, used 82444K [0x00000000a0000000, 0x00000000ad100000, 0x00000000e0000000)
  object space 214016K, 38% used [0x00000000a0000000,0x00000000a50830f0,0x00000000ad100000)
 Metaspace       used 44586K, capacity 45260K, committed 45824K, reserved 1089536K
  class space    used 5599K, capacity 5782K, committed 5888K, reserved 1048576K
}
Event: 7.286 GC heap before
{Heap before GC invocations=14 (full 5):
 PSYoungGen      total 69632K, used 48420K [0x00000000e0000000, 0x00000000e7900000, 0x0000000100000000)
  eden space 51200K, 94% used [0x00000000e0000000,0x00000000e2f49090,0x00000000e3200000)
  from space 18432K, 0% used [0x00000000e3200000,0x00000000e3200000,0x00000000e4400000)
  to   space 25600K, 0% used [0x00000000e6000000,0x00000000e6000000,0x00000000e7900000)
 ParOldGen       total 214016K, used 205527K [0x00000000a0000000, 0x00000000ad100000, 0x00000000e0000000)
  object space 214016K, 96% used [0x00000000a0000000,0x00000000ac8b5c28,0x00000000ad100000)
 Metaspace       used 44918K, capacity 45574K, committed 46080K, reserved 1089536K
  class space    used 5655K, capacity 5819K, committed 5888K, reserved 1048576K
Event: 7.342 GC heap after
Heap after GC invocations=14 (full 5):
 PSYoungGen      total 69632K, used 0K [0x00000000e0000000, 0x00000000e7900000, 0x0000000100000000)
  eden space 51200K, 0% used [0x00000000e0000000,0x00000000e0000000,0x00000000e3200000)
  from space 18432K, 0% used [0x00000000e3200000,0x00000000e3200000,0x00000000e4400000)
  to   space 25600K, 0% used [0x00000000e6000000,0x00000000e6000000,0x00000000e7900000)
 ParOldGen       total 225280K, used 30876K [0x00000000a0000000, 0x00000000adc00000, 0x00000000e0000000)
  object space 225280K, 13% used [0x00000000a0000000,0x00000000a1e273e0,0x00000000adc00000)
 Metaspace       used 44918K, capacity 45574K, committed 46080K, reserved 1089536K
  class space    used 5655K, capacity 5819K, committed 5888K, reserved 1048576K
}
Event: 7.548 GC heap before
{Heap before GC invocations=15 (full 5):
 PSYoungGen      total 69632K, used 51200K [0x00000000e0000000, 0x00000000e7900000, 0x0000000100000000)
  eden space 51200K, 100% used [0x00000000e0000000,0x00000000e3200000,0x00000000e3200000)
  from space 18432K, 0% used [0x00000000e3200000,0x00000000e3200000,0x00000000e4400000)
  to   space 25600K, 0% used [0x00000000e6000000,0x00000000e6000000,0x00000000e7900000)
 ParOldGen       total 225280K, used 153959K [0x00000000a0000000, 0x00000000adc00000, 0x00000000e0000000)
  object space 225280K, 68% used [0x00000000a0000000,0x00000000a9659f18,0x00000000adc00000)
 Metaspace       used 45967K, capacity 46698K, committed 46976K, reserved 1089536K
  class space    used 5800K, capacity 5969K, committed 6016K, reserved 1048576K
Event: 7.554 GC heap after
Heap after GC invocations=15 (full 5):
 PSYoungGen      total 66560K, used 11877K [0x00000000e0000000, 0x00000000e6c00000, 0x0000000100000000)
  eden space 54272K, 0% used [0x00000000e0000000,0x00000000e0000000,0x00000000e3500000)
  from space 12288K, 96% used [0x00000000e6000000,0x00000000e6b99718,0x00000000e6c00000)
  to   space 24064K, 0% used [0x00000000e3d00000,0x00000000e3d00000,0x00000000e5480000)
 ParOldGen       total 225280K, used 153967K [0x00000000a0000000, 0x00000000adc00000, 0x00000000e0000000)
  object space 225280K, 68% used [0x00000000a0000000,0x00000000a965bf18,0x00000000adc00000)
 Metaspace       used 45967K, capacity 46698K, committed 46976K, reserved 1089536K
  class space    used 5800K, capacity 5969K, committed 6016K, reserved 1048576K
}
Event: 8.735 GC heap before
{Heap before GC invocations=16 (full 5):
 PSYoungGen      total 66560K, used 66149K [0x00000000e0000000, 0x00000000e6c00000, 0x0000000100000000)
  eden space 54272K, 100% used [0x00000000e0000000,0x00000000e3500000,0x00000000e3500000)
  from space 12288K, 96% used [0x00000000e6000000,0x00000000e6b99718,0x00000000e6c00000)
  to   space 24064K, 0% used [0x00000000e3d00000,0x00000000e3d00000,0x00000000e5480000)
 ParOldGen       total 225280K, used 153967K [0x00000000a0000000, 0x00000000adc00000, 0x00000000e0000000)
  object space 225280K, 68% used [0x00000000a0000000,0x00000000a965bf18,0x00000000adc00000)
 Metaspace       used 47957K, capacity 48788K, committed 49280K, reserved 1091584K
  class space    used 5955K, capacity 6158K, committed 6272K, reserved 1048576K
Event: 8.745 GC heap after
Heap after GC invocations=16 (full 5):
 PSYoungGen      total 79872K, used 22394K [0x00000000e0000000, 0x00000000e6d00000, 0x0000000100000000)
  eden space 57344K, 0% used [0x00000000e0000000,0x00000000e0000000,0x00000000e3800000)
  from space 22528K, 99% used [0x00000000e3d00000,0x00000000e52de958,0x00000000e5300000)
  to   space 26624K, 0% used [0x00000000e5300000,0x00000000e5300000,0x00000000e6d00000)
 ParOldGen       total 225280K, used 153975K [0x00000000a0000000, 0x00000000adc00000, 0x00000000e0000000)
  object space 225280K, 68% used [0x00000000a0000000,0x00000000a965df18,0x00000000adc00000)
 Metaspace       used 47957K, capacity 48788K, committed 49280K, reserved 1091584K
  class space    used 5955K, capacity 6158K, committed 6272K, reserved 1048576K
}
Event: 10.113 GC heap before
{Heap before GC invocations=17 (full 5):
 PSYoungGen      total 79872K, used 79738K [0x00000000e0000000, 0x00000000e6d00000, 0x0000000100000000)
  eden space 57344K, 100% used [0x00000000e0000000,0x00000000e3800000,0x00000000e3800000)
  from space 22528K, 99% used [0x00000000e3d00000,0x00000000e52de958,0x00000000e5300000)
  to   space 26624K, 0% used [0x00000000e5300000,0x00000000e5300000,0x00000000e6d00000)
 ParOldGen       total 225280K, used 153975K [0x00000000a0000000, 0x00000000adc00000, 0x00000000e0000000)
  object space 225280K, 68% used [0x00000000a0000000,0x00000000a965df18,0x00000000adc00000)
 Metaspace       used 54277K, capacity 55326K, committed 55808K, reserved 1097728K
  class space    used 6557K, capacity 6799K, committed 6912K, reserved 1048576K
Event: 10.128 GC heap after
Heap after GC invocations=17 (full 5):
 PSYoungGen      total 80384K, used 26619K [0x00000000e0000000, 0x00000000e7800000, 0x0000000100000000)
  eden space 53760K, 0% used [0x00000000e0000000,0x00000000e0000000,0x00000000e3480000)
  from space 26624K, 99% used [0x00000000e5300000,0x00000000e6cfecd8,0x00000000e6d00000)
  to   space 31232K, 0% used [0x00000000e3480000,0x00000000e3480000,0x00000000e5300000)
 ParOldGen       total 225280K, used 155871K [0x00000000a0000000, 0x00000000adc00000, 0x00000000e0000000)
  object space 225280K, 69% used [0x00000000a0000000,0x00000000a9837cd0,0x00000000adc00000)
 Metaspace       used 54277K, capacity 55326K, committed 55808K, reserved 1097728K
  class space    used 6557K, capacity 6799K, committed 6912K, reserved 1048576K
}

